<?xml version="1.0" encoding="UTF-8"?>
<!-- Generated by org.testng.reporters.JUnitReportReporter -->
<testsuite hostname="DESKTOP-O6I509E" failures="0" tests="2" name="testApp.TestApp" time="0.050" errors="0" timestamp="2023-01-17T23:33:42 IST" skipped="0">
  <testcase classname="testApp.TestApp" name="testLogin2" time="0.003"/>
  <system-out/>
  <testcase classname="testApp.TestApp" name="testLogin1" time="0.047"/>
  <system-out/>
</testsuite> <!-- testApp.TestApp -->
